[debug] [2024-02-22T15:32:04.537Z] ----------------------------------------------------------------------
[debug] [2024-02-22T15:32:04.541Z] Command:       C:\Program Files\nodejs\node.exe C:\Users\yunjeong Lim\AppData\Roaming\npm\node_modules\firebase-tools\lib\bin\firebase.js init
[debug] [2024-02-22T15:32:04.541Z] CLI Version:   13.3.1
[debug] [2024-02-22T15:32:04.541Z] Platform:      win32
[debug] [2024-02-22T15:32:04.541Z] Node Version:  v20.9.0
[debug] [2024-02-22T15:32:04.541Z] Time:          Fri Feb 23 2024 00:32:04 GMT+0900 (대한민국 표준시)
[debug] [2024-02-22T15:32:04.542Z] ----------------------------------------------------------------------
[debug] 
[debug] [2024-02-22T15:32:04.618Z] > command requires scopes: ["email","openid","https://www.googleapis.com/auth/cloudplatformprojects.readonly","https://www.googleapis.com/auth/firebase","https://www.googleapis.com/auth/cloud-platform"]
[debug] [2024-02-22T15:32:04.619Z] > authorizing via signed-in user (630yjl@gmail.com)
[info] 
     ######## #### ########  ######## ########     ###     ######  ########
     ##        ##  ##     ## ##       ##     ##  ##   ##  ##       ##
     ######    ##  ########  ######   ########  #########  ######  ######
     ##        ##  ##    ##  ##       ##     ## ##     ##       ## ##
     ##       #### ##     ## ######## ########  ##     ##  ######  ########

You're about to initialize a Firebase project in this directory:

  C:\Users\yunjeong Lim\Desktop\react-disney-plus-app

Before we get started, keep in mind:

  * You are initializing within an existing Firebase project directory

